2023-02-03T04:47:33+00:00 CRITICAL Uncaught ArgumentCountError: Too few arguments to function Automattic\WooCommerce\Admin\Features\OnboardingTasks\DeprecatedExtendedTask::__construct(), 1 passed in /var/www/html/wordpress/wp-content/plugins/woocommerce/src/Admin/API/OnboardingTasks.php on line 787 and exactly 2 expected in /var/www/html/wordpress/wp-content/plugins/woocommerce/src/Admin/Features/OnboardingTasks/DeprecatedExtendedTask.php:39
Stack trace:
#0 /var/www/html/wordpress/wp-content/plugins/woocommerce/src/Admin/API/OnboardingTasks.php(787): Automattic\WooCommerce\Admin\Features\OnboardingTasks\DeprecatedExtendedTask->__construct()
#1 /var/www/html/wordpress/wp-includes/rest-api/class-wp-rest-server.php(1171): Automattic\WooCommerce\Admin\API\OnboardingTasks->dismiss_task()
#2 /var/www/html/wordpress/wp-includes/rest-api/class-wp-rest-server.php(1018): WP_REST_Server->respond_to_request()
#3 /var/www/html/wordpress/wp-includes/rest-api/class-wp-rest-server.php(442): WP_REST_Server->dispatch()
#4 /var/www/html/wordpress/wp-includes/rest-api.php(410): WP_REST_Server->serve_request()
#5 /var/www/html/wordpress/wp-includes/class-wp-hook.php(308): rest_api_loaded()
#6 /var/www/html/wordpress/wp-includes/class-wp-hook.php(332): WP_Hook->apply_filters()
#7 /var/www/html/wordpress/wp-includes/plugin.php(565): WP_Hook->do_action()
#8 /var/www/html/wordpress/wp-includes/class-wp.php(399): do_action_ref_array()
#9 /var/www/html/wordpress/wp-includes/class-wp.php(780): WP->parse_request()
#10 /var/www/html/wordpress/wp-includes/functions.php(1332): WP->main()
#11 /var/www/html/wordpress/wp-blog-header.php(16): wp()
#12 /var/www/html/wordpress/index.php(17): require('...')
#13 {main}
  thrown in /var/www/html/wordpress/wp-content/plugins/woocommerce/src/Admin/Features/OnboardingTasks/DeprecatedExtendedTask.php on line 39

2023-02-03T04:47:36+00:00 CRITICAL Uncaught ArgumentCountError: Too few arguments to function Automattic\WooCommerce\Admin\Features\OnboardingTasks\DeprecatedExtendedTask::__construct(), 1 passed in /var/www/html/wordpress/wp-content/plugins/woocommerce/src/Admin/API/OnboardingTasks.php on line 787 and exactly 2 expected in /var/www/html/wordpress/wp-content/plugins/woocommerce/src/Admin/Features/OnboardingTasks/DeprecatedExtendedTask.php:39
Stack trace:
#0 /var/www/html/wordpress/wp-content/plugins/woocommerce/src/Admin/API/OnboardingTasks.php(787): Automattic\WooCommerce\Admin\Features\OnboardingTasks\DeprecatedExtendedTask->__construct()
#1 /var/www/html/wordpress/wp-includes/rest-api/class-wp-rest-server.php(1171): Automattic\WooCommerce\Admin\API\OnboardingTasks->dismiss_task()
#2 /var/www/html/wordpress/wp-includes/rest-api/class-wp-rest-server.php(1018): WP_REST_Server->respond_to_request()
#3 /var/www/html/wordpress/wp-includes/rest-api/class-wp-rest-server.php(442): WP_REST_Server->dispatch()
#4 /var/www/html/wordpress/wp-includes/rest-api.php(410): WP_REST_Server->serve_request()
#5 /var/www/html/wordpress/wp-includes/class-wp-hook.php(308): rest_api_loaded()
#6 /var/www/html/wordpress/wp-includes/class-wp-hook.php(332): WP_Hook->apply_filters()
#7 /var/www/html/wordpress/wp-includes/plugin.php(565): WP_Hook->do_action()
#8 /var/www/html/wordpress/wp-includes/class-wp.php(399): do_action_ref_array()
#9 /var/www/html/wordpress/wp-includes/class-wp.php(780): WP->parse_request()
#10 /var/www/html/wordpress/wp-includes/functions.php(1332): WP->main()
#11 /var/www/html/wordpress/wp-blog-header.php(16): wp()
#12 /var/www/html/wordpress/index.php(17): require('...')
#13 {main}
  thrown in /var/www/html/wordpress/wp-content/plugins/woocommerce/src/Admin/Features/OnboardingTasks/DeprecatedExtendedTask.php on line 39

2023-02-03T04:47:37+00:00 CRITICAL Uncaught ArgumentCountError: Too few arguments to function Automattic\WooCommerce\Admin\Features\OnboardingTasks\DeprecatedExtendedTask::__construct(), 1 passed in /var/www/html/wordpress/wp-content/plugins/woocommerce/src/Admin/API/OnboardingTasks.php on line 787 and exactly 2 expected in /var/www/html/wordpress/wp-content/plugins/woocommerce/src/Admin/Features/OnboardingTasks/DeprecatedExtendedTask.php:39
Stack trace:
#0 /var/www/html/wordpress/wp-content/plugins/woocommerce/src/Admin/API/OnboardingTasks.php(787): Automattic\WooCommerce\Admin\Features\OnboardingTasks\DeprecatedExtendedTask->__construct()
#1 /var/www/html/wordpress/wp-includes/rest-api/class-wp-rest-server.php(1171): Automattic\WooCommerce\Admin\API\OnboardingTasks->dismiss_task()
#2 /var/www/html/wordpress/wp-includes/rest-api/class-wp-rest-server.php(1018): WP_REST_Server->respond_to_request()
#3 /var/www/html/wordpress/wp-includes/rest-api/class-wp-rest-server.php(442): WP_REST_Server->dispatch()
#4 /var/www/html/wordpress/wp-includes/rest-api.php(410): WP_REST_Server->serve_request()
#5 /var/www/html/wordpress/wp-includes/class-wp-hook.php(308): rest_api_loaded()
#6 /var/www/html/wordpress/wp-includes/class-wp-hook.php(332): WP_Hook->apply_filters()
#7 /var/www/html/wordpress/wp-includes/plugin.php(565): WP_Hook->do_action()
#8 /var/www/html/wordpress/wp-includes/class-wp.php(399): do_action_ref_array()
#9 /var/www/html/wordpress/wp-includes/class-wp.php(780): WP->parse_request()
#10 /var/www/html/wordpress/wp-includes/functions.php(1332): WP->main()
#11 /var/www/html/wordpress/wp-blog-header.php(16): wp()
#12 /var/www/html/wordpress/index.php(17): require('...')
#13 {main}
  thrown in /var/www/html/wordpress/wp-content/plugins/woocommerce/src/Admin/Features/OnboardingTasks/DeprecatedExtendedTask.php on line 39

2023-02-03T04:47:42+00:00 CRITICAL Uncaught ArgumentCountError: Too few arguments to function Automattic\WooCommerce\Admin\Features\OnboardingTasks\DeprecatedExtendedTask::__construct(), 1 passed in /var/www/html/wordpress/wp-content/plugins/woocommerce/src/Admin/API/OnboardingTasks.php on line 787 and exactly 2 expected in /var/www/html/wordpress/wp-content/plugins/woocommerce/src/Admin/Features/OnboardingTasks/DeprecatedExtendedTask.php:39
Stack trace:
#0 /var/www/html/wordpress/wp-content/plugins/woocommerce/src/Admin/API/OnboardingTasks.php(787): Automattic\WooCommerce\Admin\Features\OnboardingTasks\DeprecatedExtendedTask->__construct()
#1 /var/www/html/wordpress/wp-includes/rest-api/class-wp-rest-server.php(1171): Automattic\WooCommerce\Admin\API\OnboardingTasks->dismiss_task()
#2 /var/www/html/wordpress/wp-includes/rest-api/class-wp-rest-server.php(1018): WP_REST_Server->respond_to_request()
#3 /var/www/html/wordpress/wp-includes/rest-api/class-wp-rest-server.php(442): WP_REST_Server->dispatch()
#4 /var/www/html/wordpress/wp-includes/rest-api.php(410): WP_REST_Server->serve_request()
#5 /var/www/html/wordpress/wp-includes/class-wp-hook.php(308): rest_api_loaded()
#6 /var/www/html/wordpress/wp-includes/class-wp-hook.php(332): WP_Hook->apply_filters()
#7 /var/www/html/wordpress/wp-includes/plugin.php(565): WP_Hook->do_action()
#8 /var/www/html/wordpress/wp-includes/class-wp.php(399): do_action_ref_array()
#9 /var/www/html/wordpress/wp-includes/class-wp.php(780): WP->parse_request()
#10 /var/www/html/wordpress/wp-includes/functions.php(1332): WP->main()
#11 /var/www/html/wordpress/wp-blog-header.php(16): wp()
#12 /var/www/html/wordpress/index.php(17): require('...')
#13 {main}
  thrown in /var/www/html/wordpress/wp-content/plugins/woocommerce/src/Admin/Features/OnboardingTasks/DeprecatedExtendedTask.php on line 39

2023-02-03T04:47:43+00:00 CRITICAL Uncaught ArgumentCountError: Too few arguments to function Automattic\WooCommerce\Admin\Features\OnboardingTasks\DeprecatedExtendedTask::__construct(), 1 passed in /var/www/html/wordpress/wp-content/plugins/woocommerce/src/Admin/API/OnboardingTasks.php on line 787 and exactly 2 expected in /var/www/html/wordpress/wp-content/plugins/woocommerce/src/Admin/Features/OnboardingTasks/DeprecatedExtendedTask.php:39
Stack trace:
#0 /var/www/html/wordpress/wp-content/plugins/woocommerce/src/Admin/API/OnboardingTasks.php(787): Automattic\WooCommerce\Admin\Features\OnboardingTasks\DeprecatedExtendedTask->__construct()
#1 /var/www/html/wordpress/wp-includes/rest-api/class-wp-rest-server.php(1171): Automattic\WooCommerce\Admin\API\OnboardingTasks->dismiss_task()
#2 /var/www/html/wordpress/wp-includes/rest-api/class-wp-rest-server.php(1018): WP_REST_Server->respond_to_request()
#3 /var/www/html/wordpress/wp-includes/rest-api/class-wp-rest-server.php(442): WP_REST_Server->dispatch()
#4 /var/www/html/wordpress/wp-includes/rest-api.php(410): WP_REST_Server->serve_request()
#5 /var/www/html/wordpress/wp-includes/class-wp-hook.php(308): rest_api_loaded()
#6 /var/www/html/wordpress/wp-includes/class-wp-hook.php(332): WP_Hook->apply_filters()
#7 /var/www/html/wordpress/wp-includes/plugin.php(565): WP_Hook->do_action()
#8 /var/www/html/wordpress/wp-includes/class-wp.php(399): do_action_ref_array()
#9 /var/www/html/wordpress/wp-includes/class-wp.php(780): WP->parse_request()
#10 /var/www/html/wordpress/wp-includes/functions.php(1332): WP->main()
#11 /var/www/html/wordpress/wp-blog-header.php(16): wp()
#12 /var/www/html/wordpress/index.php(17): require('...')
#13 {main}
  thrown in /var/www/html/wordpress/wp-content/plugins/woocommerce/src/Admin/Features/OnboardingTasks/DeprecatedExtendedTask.php on line 39

2023-02-03T04:47:44+00:00 CRITICAL Uncaught ArgumentCountError: Too few arguments to function Automattic\WooCommerce\Admin\Features\OnboardingTasks\DeprecatedExtendedTask::__construct(), 1 passed in /var/www/html/wordpress/wp-content/plugins/woocommerce/src/Admin/API/OnboardingTasks.php on line 787 and exactly 2 expected in /var/www/html/wordpress/wp-content/plugins/woocommerce/src/Admin/Features/OnboardingTasks/DeprecatedExtendedTask.php:39
Stack trace:
#0 /var/www/html/wordpress/wp-content/plugins/woocommerce/src/Admin/API/OnboardingTasks.php(787): Automattic\WooCommerce\Admin\Features\OnboardingTasks\DeprecatedExtendedTask->__construct()
#1 /var/www/html/wordpress/wp-includes/rest-api/class-wp-rest-server.php(1171): Automattic\WooCommerce\Admin\API\OnboardingTasks->dismiss_task()
#2 /var/www/html/wordpress/wp-includes/rest-api/class-wp-rest-server.php(1018): WP_REST_Server->respond_to_request()
#3 /var/www/html/wordpress/wp-includes/rest-api/class-wp-rest-server.php(442): WP_REST_Server->dispatch()
#4 /var/www/html/wordpress/wp-includes/rest-api.php(410): WP_REST_Server->serve_request()
#5 /var/www/html/wordpress/wp-includes/class-wp-hook.php(308): rest_api_loaded()
#6 /var/www/html/wordpress/wp-includes/class-wp-hook.php(332): WP_Hook->apply_filters()
#7 /var/www/html/wordpress/wp-includes/plugin.php(565): WP_Hook->do_action()
#8 /var/www/html/wordpress/wp-includes/class-wp.php(399): do_action_ref_array()
#9 /var/www/html/wordpress/wp-includes/class-wp.php(780): WP->parse_request()
#10 /var/www/html/wordpress/wp-includes/functions.php(1332): WP->main()
#11 /var/www/html/wordpress/wp-blog-header.php(16): wp()
#12 /var/www/html/wordpress/index.php(17): require('...')
#13 {main}
  thrown in /var/www/html/wordpress/wp-content/plugins/woocommerce/src/Admin/Features/OnboardingTasks/DeprecatedExtendedTask.php on line 39

2023-02-03T04:47:45+00:00 CRITICAL Uncaught ArgumentCountError: Too few arguments to function Automattic\WooCommerce\Admin\Features\OnboardingTasks\DeprecatedExtendedTask::__construct(), 1 passed in /var/www/html/wordpress/wp-content/plugins/woocommerce/src/Admin/API/OnboardingTasks.php on line 787 and exactly 2 expected in /var/www/html/wordpress/wp-content/plugins/woocommerce/src/Admin/Features/OnboardingTasks/DeprecatedExtendedTask.php:39
Stack trace:
#0 /var/www/html/wordpress/wp-content/plugins/woocommerce/src/Admin/API/OnboardingTasks.php(787): Automattic\WooCommerce\Admin\Features\OnboardingTasks\DeprecatedExtendedTask->__construct()
#1 /var/www/html/wordpress/wp-includes/rest-api/class-wp-rest-server.php(1171): Automattic\WooCommerce\Admin\API\OnboardingTasks->dismiss_task()
#2 /var/www/html/wordpress/wp-includes/rest-api/class-wp-rest-server.php(1018): WP_REST_Server->respond_to_request()
#3 /var/www/html/wordpress/wp-includes/rest-api/class-wp-rest-server.php(442): WP_REST_Server->dispatch()
#4 /var/www/html/wordpress/wp-includes/rest-api.php(410): WP_REST_Server->serve_request()
#5 /var/www/html/wordpress/wp-includes/class-wp-hook.php(308): rest_api_loaded()
#6 /var/www/html/wordpress/wp-includes/class-wp-hook.php(332): WP_Hook->apply_filters()
#7 /var/www/html/wordpress/wp-includes/plugin.php(565): WP_Hook->do_action()
#8 /var/www/html/wordpress/wp-includes/class-wp.php(399): do_action_ref_array()
#9 /var/www/html/wordpress/wp-includes/class-wp.php(780): WP->parse_request()
#10 /var/www/html/wordpress/wp-includes/functions.php(1332): WP->main()
#11 /var/www/html/wordpress/wp-blog-header.php(16): wp()
#12 /var/www/html/wordpress/index.php(17): require('...')
#13 {main}
  thrown in /var/www/html/wordpress/wp-content/plugins/woocommerce/src/Admin/Features/OnboardingTasks/DeprecatedExtendedTask.php on line 39

